# JRE version: Java(TM) SE Runtime Environment (9.0+11) (build 9.0.4+11)
# Java VM: Java HotSpot(TM) 64-Bit Server VM (9.0.4+11, mixed mode, tiered, compressed oops, g1 gc, windows-amd64)
Heap:
 garbage-first heap   total 372736K, used 187421K [0x0000000700000000, 0x0000000700100b60, 0x00000007c0000000)
  region size 1024K, 21 young (21504K), 1 survivors (1024K)
 Metaspace       used 109468K, capacity 113699K, committed 116296K, reserved 1148928K
  class space    used 15629K, capacity 16406K, committed 16968K, reserved 1048576K
GC Heap History (10 events):
Event: 12116.997 GC heap before
{Heap before GC invocations=1344 (full 31):
 garbage-first heap   total 372736K, used 226293K [0x0000000700000000, 0x0000000700100b60, 0x00000007c0000000)
  region size 1024K, 60 young (61440K), 3 survivors (3072K)
 Metaspace       used 109402K, capacity 113635K, committed 116296K, reserved 1148928K
  class space    used 15625K, capacity 16406K, committed 16968K, reserved 1048576K
}
Event: 12117.002 GC heap after
{Heap after GC invocations=1345 (full 31):
 garbage-first heap   total 372736K, used 167948K [0x0000000700000000, 0x0000000700100b60, 0x00000007c0000000)
  region size 1024K, 3 young (3072K), 3 survivors (3072K)
 Metaspace       used 109402K, capacity 113635K, committed 116296K, reserved 1148928K
  class space    used 15625K, capacity 16406K, committed 16968K, reserved 1048576K
}
Event: 12121.341 GC heap before
{Heap before GC invocations=1345 (full 31):
 garbage-first heap   total 372736K, used 226316K [0x0000000700000000, 0x0000000700100b60, 0x00000007c0000000)
  region size 1024K, 60 young (61440K), 3 survivors (3072K)
 Metaspace       used 109416K, capacity 113635K, committed 116296K, reserved 1148928K
  class space    used 15625K, capacity 16406K, committed 16968K, reserved 1048576K
}
Event: 12121.353 GC heap after
{Heap after GC invocations=1346 (full 31):
 garbage-first heap   total 372736K, used 171026K [0x0000000700000000, 0x0000000700100b60, 0x00000007c0000000)
  region size 1024K, 6 young (6144K), 6 survivors (6144K)
 Metaspace       used 109416K, capacity 113635K, committed 116296K, reserved 1148928K
  class space    used 15625K, capacity 16406K, committed 16968K, reserved 1048576K
}
Event: 12121.871 GC heap before
{Heap before GC invocations=1346 (full 31):
 garbage-first heap   total 372736K, used 226322K [0x0000000700000000, 0x0000000700100b60, 0x00000007c0000000)
  region size 1024K, 60 young (61440K), 6 survivors (6144K)
 Metaspace       used 109437K, capacity 113635K, committed 116296K, reserved 1148928K
  class space    used 15625K, capacity 16406K, committed 16968K, reserved 1048576K
}
Event: 12121.879 GC heap after
{Heap after GC invocations=1347 (full 31):
 garbage-first heap   total 372736K, used 168841K [0x0000000700000000, 0x0000000700100b60, 0x00000007c0000000)
  region size 1024K, 2 young (2048K), 2 survivors (2048K)
 Metaspace       used 109437K, capacity 113635K, committed 116296K, reserved 1148928K
  class space    used 15625K, capacity 16406K, committed 16968K, reserved 1048576K
}
Event: 12124.470 GC heap before
{Heap before GC invocations=1347 (full 31):
 garbage-first heap   total 372736K, used 228233K [0x0000000700000000, 0x0000000700100b60, 0x00000007c0000000)
  region size 1024K, 60 young (61440K), 2 survivors (2048K)
 Metaspace       used 109437K, capacity 113635K, committed 116296K, reserved 1148928K
  class space    used 15625K, capacity 16406K, committed 16968K, reserved 1048576K
}
Event: 12124.478 GC heap after
{Heap after GC invocations=1348 (full 31):
 garbage-first heap   total 372736K, used 167903K [0x0000000700000000, 0x0000000700100b60, 0x00000007c0000000)
  region size 1024K, 1 young (1024K), 1 survivors (1024K)
 Metaspace       used 109437K, capacity 113635K, committed 116296K, reserved 1148928K
  class space    used 15625K, capacity 16406K, committed 16968K, reserved 1048576K
}
Event: 12127.914 GC heap before
{Heap before GC invocations=1348 (full 31):
 garbage-first heap   total 372736K, used 228319K [0x0000000700000000, 0x0000000700100b60, 0x00000007c0000000)
  region size 1024K, 60 young (61440K), 1 survivors (1024K)
 Metaspace       used 109442K, capacity 113635K, committed 116296K, reserved 1148928K
  class space    used 15625K, capacity 16406K, committed 16968K, reserved 1048576K
}
Event: 12127.920 GC heap after
{Heap after GC invocations=1349 (full 31):
 garbage-first heap   total 372736K, used 167965K [0x0000000700000000, 0x0000000700100b60, 0x00000007c0000000)
  region size 1024K, 1 young (1024K), 1 survivors (1024K)
 Metaspace       used 109442K, capacity 113635K, committed 116296K, reserved 1148928K
  class space    used 15625K, capacity 16406K, committed 16968K, reserved 1048576K
}

